<?xml version="1.0" encoding="UTF-8"?>
<testng-results ignored="0" total="1" passed="1" failed="0" skipped="0">
  <reporter-output>
  </reporter-output>
  <suite started-at="2021-06-30T22:41:43 CDT" name="Default suite" finished-at="2021-06-30T22:41:47 CDT" duration-ms="4735">
    <groups>
    </groups>
    <test started-at="2021-06-30T22:41:43 CDT" name="Default test" finished-at="2021-06-30T22:41:47 CDT" duration-ms="4735">
      <class name="testNG_Project.ValiadateMonthDropdown">
        <test-method signature="ValidateMonthTest()[pri:0, instance:testNG_Project.ValiadateMonthDropdown@22e357dc]" started-at="2021-06-30T22:41:43 CDT" name="ValidateMonthTest" finished-at="2021-06-30T22:41:47 CDT" duration-ms="3857" status="PASS">
          <reporter-output>
          </reporter-output>
        </test-method> <!-- ValidateMonthTest -->
        <test-method is-config="true" signature="teardown()[pri:0, instance:testNG_Project.ValiadateMonthDropdown@22e357dc]" started-at="2021-06-30T22:41:47 CDT" name="teardown" finished-at="2021-06-30T22:41:47 CDT" duration-ms="822" status="PASS">
          <reporter-output>
          </reporter-output>
        </test-method> <!-- teardown -->
      </class> <!-- testNG_Project.ValiadateMonthDropdown -->
    </test> <!-- Default test -->
  </suite> <!-- Default suite -->
</testng-results>
